<?xml version="1.0" encoding="UTF-8"?>
<!-- Generated by org.testng.reporters.JUnitReportReporter -->
<testsuite hostname="DESKTOP-E4SD1SC" failures="0" tests="2" name="Tests.LoginTest" time="12.327" errors="0" timestamp="2025-06-07T00:36:39 IST" skipped="0">
  <testcase classname="Tests.LoginTest" name="loginTest" time="6.599"/>
  <testcase classname="Tests.LoginTest" name="loginTest" time="5.728"/>
</testsuite> <!-- Tests.LoginTest -->
