<?xml version="1.0" encoding="UTF-8"?>
<!-- Generated by org.testng.reporters.JUnitReportReporter -->
<testsuite hostname="DESKTOP-E4SD1SC" failures="0" tests="1" name="Tests.LoginLogoutTest" time="6.752" errors="0" timestamp="2025-06-07T00:42:47 IST" skipped="0">
  <testcase classname="Tests.LoginLogoutTest" name="testLoginAndLogout" time="6.752"/>
</testsuite> <!-- Tests.LoginLogoutTest -->
