<?xml version="1.0" encoding="UTF-8"?>
<!-- Generated by org.testng.reporters.JUnitReportReporter -->
<testsuite hostname="DESKTOP-E4SD1SC" failures="0" tests="4" name="Tests.AdminTest" time="6.444" errors="0" timestamp="2025-06-07T19:46:49 IST" skipped="0">
  <testcase classname="Tests.AdminTest" name="testLeftMenuOptionsCount" time="4.144"/>
  <testcase classname="Tests.AdminTest" name="testSearchByUsername" time="0.383"/>
  <testcase classname="Tests.AdminTest" name="testSearchByUserRole" time="0.962"/>
  <testcase classname="Tests.AdminTest" name="testSearchByStatus" time="0.955"/>
</testsuite> <!-- Tests.AdminTest -->
